New log file opened at Tue Apr 17 21:38:09 IST 2018 by 31159@Nikhils-MacBook-Pro-2.local
Taking next connection to: 55013
New client attempting to connect on port: 55014-55013
  Address = /192.168.1.146:55013
This client on port 55014 has uuid 0c593c57-9093-424a-bd73-6eb52e8ecfdd configName activator humanReadableName Activator protocolVersion 3 featureTags Vector()
Connected Clients: activator-0c593c57-9093-424a-bd73-6eb52e8ecfdd
Taking next connection to: 55013
Checking to see if clients are empty...
We have 1 non-daemon clients, continuing serving connections.
Taking next connection to: 55013
Checking to see if clients are empty...
We have 1 non-daemon clients, continuing serving connections.
Taking next connection to: 55013
Checking to see if clients are empty...
We have 1 non-daemon clients, continuing serving connections.
Taking next connection to: 55013
Checking to see if clients are empty...
We have 1 non-daemon clients, continuing serving connections.
Taking next connection to: 55013
Checking to see if clients are empty...
We have 1 non-daemon clients, continuing serving connections.
Taking next connection to: 55013
New client attempting to connect on port: 51210-55013
  Address = /192.168.1.146:55013
Handshake exception on socket: 51210
sbt.impl.ipc.HandshakeException: Unable to perform handshake
	at sbt.impl.ipc.Peer.handshake(IPC.scala:46)
	at sbt.impl.ipc.MultiClientServer.<init>(IPC.scala:150)
	at sbt.server.SbtServerSocketHandler$$anon$1.run(SbtServerSocketHandler.scala:43)
Caused by: java.io.EOFException
	at java.io.DataInputStream.readInt(DataInputStream.java:392)
	at sbt.impl.ipc.Peer.receive(IPC.scala:95)
	at sbt.impl.ipc.Peer.handshake(IPC.scala:49)
	... 2 more
Taking next connection to: 55013
New client attempting to connect on port: 51211-55013
  Address = /192.168.1.146:55013
This client on port 51211 has uuid 1666cc0d-2b9f-4d76-9092-07f919fb0b71 configName play-fork-run humanReadableName Play Fork Run protocolVersion 1 featureTags Vector()
Connected Clients: activator-0c593c57-9093-424a-bd73-6eb52e8ecfdd, play-fork-run-1666cc0d-2b9f-4d76-9092-07f919fb0b71
Taking next connection to: 55013
Checking to see if clients are empty...
We have 1 non-daemon clients, continuing serving connections.
Taking next connection to: 55013
Checking to see if clients are empty...
No non-daemon clients connected after 3 min. Shutting down.
1 daemon clients are connected.
Server socket thread exiting.
1 clients open, will close them...
All client sockets have been closed.
Closing the 31159@Nikhils-MacBook-Pro-2.local logs at Tue Apr 17 22:01:08 IST 2018, goodbye.
